Using pre-set license
Built from '2020.3/staging' branch; Version is '2020.3.10f1 (297d780c91bc) revision 2719096'; Using compiler version '192528614'; Build Type 'Release'
OS: 'Windows 10 Home; OS build 19043.1110; Version 2009; 64bit' Language: 'en' Physical Memory: 32715 MB
BatchMode: 1, IsHumanControllingUs: 0, StartBugReporterOnCrash: 0, Is64bit: 1, IsPro: 0

 COMMAND LINE ARGUMENTS:
C:\Program Files\Unity\Hub\Editor\2020.3.10f1\Editor\Unity.exe
-adb2
-batchMode
-noUpm
-name
AssetImportWorker0
-projectPath
C:/Users/Josh-/Documents/Prototypes/Unity/KwaleeTrain
-logFile
Logs/AssetImportWorker0.log
-srvPort
56971
Successfully changed project path to: C:/Users/Josh-/Documents/Prototypes/Unity/KwaleeTrain
C:/Users/Josh-/Documents/Prototypes/Unity/KwaleeTrain
Using Asset Import Pipeline V2.
Refreshing native plugins compatible for Editor in 85.73 ms, found 6 plugins.
Preloading 0 native plugins for Editor in 0.00 ms.
Initialize engine version: 2020.3.10f1 (297d780c91bc)
[Subsystems] Discovering subsystems at path C:/Program Files/Unity/Hub/Editor/2020.3.10f1/Editor/Data/Resources/UnitySubsystems
[Subsystems] Discovering subsystems at path C:/Users/Josh-/Documents/Prototypes/Unity/KwaleeTrain/Assets
GfxDevice: creating device client; threaded=0
Direct3D:
    Version:  Direct3D 11.0 [level 11.1]
    Renderer: NVIDIA GeForce GTX 1660 Ti (ID=0x2182)
    Vendor:   
    VRAM:     5991 MB
    Driver:   30.0.14.7111
Initialize mono
Mono path[0] = 'C:/Program Files/Unity/Hub/Editor/2020.3.10f1/Editor/Data/Managed'
Mono path[1] = 'C:/Program Files/Unity/Hub/Editor/2020.3.10f1/Editor/Data/MonoBleedingEdge/lib/mono/unityjit'
Mono config path = 'C:/Program Files/Unity/Hub/Editor/2020.3.10f1/Editor/Data/MonoBleedingEdge/etc'
Using monoOptions --debugger-agent=transport=dt_socket,embedding=1,server=y,suspend=n,address=127.0.0.1:56420
Begin MonoManager ReloadAssembly
Registering precompiled unity dll's ...
Register platform support module: C:/Program Files/Unity/Hub/Editor/2020.3.10f1/Editor/Data/PlaybackEngines/WindowsStandaloneSupport/UnityEditor.WindowsStandalone.Extensions.dll
Registered in 0.001868 seconds.
Native extension for WindowsStandalone target not found
Refreshing native plugins compatible for Editor in 85.29 ms, found 6 plugins.
Preloading 0 native plugins for Editor in 0.00 ms.
Mono: successfully reloaded assembly
- Completed reload, in  1.007 seconds
Platform modules already initialized, skipping
Registering precompiled user dll's ...
Registered in 0.006666 seconds.
Begin MonoManager ReloadAssembly
Native extension for WindowsStandalone target not found
Refreshing native plugins compatible for Editor in 84.47 ms, found 6 plugins.
Preloading 0 native plugins for Editor in 0.00 ms.
Mono: successfully reloaded assembly
- Completed reload, in  1.042 seconds
Platform modules already initialized, skipping
========================================================================
Worker process is ready to serve import requests
Launched and connected shader compiler UnityShaderCompiler.exe after 0.04 seconds
Refreshing native plugins compatible for Editor in 1.27 ms, found 6 plugins.
Preloading 0 native plugins for Editor in 0.00 ms.
Unloading 3006 Unused Serialized files (Serialized files now loaded: 0)
System memory in use before: 226.9 MB.
System memory in use after: 227.1 MB.

Unloading 47 unused Assets to reduce memory usage. Loaded Objects now: 3454.
Total: 2.605200 ms (FindLiveObjects: 0.331800 ms CreateObjectMapping: 0.082800 ms MarkObjects: 2.032100 ms  DeleteObjects: 0.157500 ms)

========================================================================
Received Import Request.
  path: Assets/Scenes/TrainProtoLevel1.unity
  artifactKey: Guid(d6471b64d30ba6640a91436130152225) Importer(815301076,1909f56bfc062723c751e8b465ee728b)
Start importing Assets/Scenes/TrainProtoLevel1.unity using Guid(d6471b64d30ba6640a91436130152225) Importer(815301076,1909f56bfc062723c751e8b465ee728b)  -> (artifact id: '4d1110c7bf84e6d4bc1f494b865b872f') in 0.014302 seconds
  Import took 0.019301 seconds .

========================================================================
Received Import Request.
  Time since last request: 19.084107 seconds.
  path: Assets/Scenes/TrainPrototypeLevel10Bumpy.unity
  artifactKey: Guid(0c50dc83d00ec584a92e830f3931c667) Importer(815301076,1909f56bfc062723c751e8b465ee728b)
Start importing Assets/Scenes/TrainPrototypeLevel10Bumpy.unity using Guid(0c50dc83d00ec584a92e830f3931c667) Importer(815301076,1909f56bfc062723c751e8b465ee728b)  -> (artifact id: 'afb3799f0cd4e0f5fd7ada80b4b00829') in 0.004792 seconds
  Import took 0.009624 seconds .

========================================================================
Received Prepare
Refreshing native plugins compatible for Editor in 10.15 ms, found 6 plugins.
Preloading 0 native plugins for Editor in 0.00 ms.
Unloading 34 Unused Serialized files (Serialized files now loaded: 0)
System memory in use before: 161.0 MB.
System memory in use after: 161.2 MB.

Unloading 34 unused Assets to reduce memory usage. Loaded Objects now: 3454.
Total: 2.645300 ms (FindLiveObjects: 0.338900 ms CreateObjectMapping: 0.071400 ms MarkObjects: 2.219000 ms  DeleteObjects: 0.015200 ms)

========================================================================
Received Prepare
Registering precompiled user dll's ...
Registered in 0.004802 seconds.
Begin MonoManager ReloadAssembly
Native extension for WindowsStandalone target not found
Refreshing native plugins compatible for Editor in 1.29 ms, found 6 plugins.
Preloading 0 native plugins for Editor in 0.00 ms.
Mono: successfully reloaded assembly
- Completed reload, in  0.921 seconds
Platform modules already initialized, skipping
Refreshing native plugins compatible for Editor in 1.31 ms, found 6 plugins.
Preloading 0 native plugins for Editor in 0.00 ms.
Unloading 2911 Unused Serialized files (Serialized files now loaded: 0)
System memory in use before: 218.1 MB.
System memory in use after: 218.3 MB.

Unloading 37 unused Assets to reduce memory usage. Loaded Objects now: 3457.
Total: 2.334400 ms (FindLiveObjects: 0.312200 ms CreateObjectMapping: 0.079900 ms MarkObjects: 1.924100 ms  DeleteObjects: 0.017200 ms)

========================================================================
Received Prepare
Registering precompiled user dll's ...
Registered in 0.004817 seconds.
Begin MonoManager ReloadAssembly
Native extension for WindowsStandalone target not found
Refreshing native plugins compatible for Editor in 1.37 ms, found 6 plugins.
Preloading 0 native plugins for Editor in 0.00 ms.
Mono: successfully reloaded assembly
- Completed reload, in  0.906 seconds
Platform modules already initialized, skipping
Refreshing native plugins compatible for Editor in 1.41 ms, found 6 plugins.
Preloading 0 native plugins for Editor in 0.00 ms.
Unloading 2911 Unused Serialized files (Serialized files now loaded: 0)
System memory in use before: 218.1 MB.
System memory in use after: 218.3 MB.

Unloading 37 unused Assets to reduce memory usage. Loaded Objects now: 3460.
Total: 2.368000 ms (FindLiveObjects: 0.314500 ms CreateObjectMapping: 0.075400 ms MarkObjects: 1.956900 ms  DeleteObjects: 0.020100 ms)

========================================================================
Received Prepare
Registering precompiled user dll's ...
Registered in 0.004601 seconds.
Begin MonoManager ReloadAssembly
Native extension for WindowsStandalone target not found
Refreshing native plugins compatible for Editor in 1.42 ms, found 6 plugins.
Preloading 0 native plugins for Editor in 0.00 ms.
Mono: successfully reloaded assembly
- Completed reload, in  0.917 seconds
Platform modules already initialized, skipping
Refreshing native plugins compatible for Editor in 1.29 ms, found 6 plugins.
Preloading 0 native plugins for Editor in 0.00 ms.
Unloading 2911 Unused Serialized files (Serialized files now loaded: 0)
System memory in use before: 218.1 MB.
System memory in use after: 218.4 MB.

Unloading 37 unused Assets to reduce memory usage. Loaded Objects now: 3463.
Total: 2.296900 ms (FindLiveObjects: 0.272700 ms CreateObjectMapping: 0.071700 ms MarkObjects: 1.928600 ms  DeleteObjects: 0.022800 ms)

========================================================================
Received Import Request.
  Time since last request: 12572.787513 seconds.
  path: Assets/StandardTerrain.asset
  artifactKey: Guid(e6ccf85b5898ef845b838072532c822e) Importer(815301076,1909f56bfc062723c751e8b465ee728b)
Start importing Assets/StandardTerrain.asset using Guid(e6ccf85b5898ef845b838072532c822e) Importer(815301076,1909f56bfc062723c751e8b465ee728b)  -> (artifact id: '38bc792306cac7a91ee02f54719031f7') in 0.113085 seconds
  Import took 0.118787 seconds .

========================================================================
Received Import Request.
  Time since last request: 8.232485 seconds.
  path: Assets/FindPlayerScript.cs
  artifactKey: Guid(fb239a9a06ca39e40b75e348f8d704d8) Importer(815301076,1909f56bfc062723c751e8b465ee728b)
Start importing Assets/FindPlayerScript.cs using Guid(fb239a9a06ca39e40b75e348f8d704d8) Importer(815301076,1909f56bfc062723c751e8b465ee728b)  -> (artifact id: 'eb70f3dbea6f5315f1e80a4ba6faf63a') in 0.013105 seconds
  Import took 0.017636 seconds .

========================================================================
Received Import Request.
  Time since last request: 0.010319 seconds.
  path: Assets/FindPlayerScript.cs
  artifactKey: Guid(fb239a9a06ca39e40b75e348f8d704d8) Importer(815301076,1909f56bfc062723c751e8b465ee728b)
Start importing Assets/FindPlayerScript.cs using Guid(fb239a9a06ca39e40b75e348f8d704d8) Importer(815301076,1909f56bfc062723c751e8b465ee728b)  -> (artifact id: 'eb70f3dbea6f5315f1e80a4ba6faf63a') in 0.002280 seconds
  Import took 0.007022 seconds .

========================================================================
Received Import Request.
  Time since last request: 1.822080 seconds.
  path: Assets/TimeManager.cs
  artifactKey: Guid(4e47c35e90d1704459e9452ec215d6ef) Importer(815301076,1909f56bfc062723c751e8b465ee728b)
Start importing Assets/TimeManager.cs using Guid(4e47c35e90d1704459e9452ec215d6ef) Importer(815301076,1909f56bfc062723c751e8b465ee728b)  -> (artifact id: '15a525242e41afc936389ba006257d99') in 0.002986 seconds
  Import took 0.007344 seconds .

========================================================================
Received Import Request.
  Time since last request: 0.009165 seconds.
  path: Assets/TimeManager.cs
  artifactKey: Guid(4e47c35e90d1704459e9452ec215d6ef) Importer(815301076,1909f56bfc062723c751e8b465ee728b)
Start importing Assets/TimeManager.cs using Guid(4e47c35e90d1704459e9452ec215d6ef) Importer(815301076,1909f56bfc062723c751e8b465ee728b)  -> (artifact id: '15a525242e41afc936389ba006257d99') in 0.002206 seconds
  Import took 0.005829 seconds .

========================================================================
Received Prepare
Registering precompiled user dll's ...
Registered in 0.005651 seconds.
Begin MonoManager ReloadAssembly
Native extension for WindowsStandalone target not found
Refreshing native plugins compatible for Editor in 1.39 ms, found 6 plugins.
Preloading 0 native plugins for Editor in 0.00 ms.
Mono: successfully reloaded assembly
- Completed reload, in  0.945 seconds
Platform modules already initialized, skipping
Refreshing native plugins compatible for Editor in 1.31 ms, found 6 plugins.
Preloading 0 native plugins for Editor in 0.00 ms.
Unloading 2911 Unused Serialized files (Serialized files now loaded: 0)
System memory in use before: 218.2 MB.
System memory in use after: 218.4 MB.

Unloading 37 unused Assets to reduce memory usage. Loaded Objects now: 3468.
Total: 2.611400 ms (FindLiveObjects: 0.350100 ms CreateObjectMapping: 0.076500 ms MarkObjects: 2.162600 ms  DeleteObjects: 0.021100 ms)

========================================================================
Received Import Request.
  Time since last request: 13.055032 seconds.
  path: Assets/GameManager.cs
  artifactKey: Guid(459c631f01974b545aeb880020c9c4bf) Importer(815301076,1909f56bfc062723c751e8b465ee728b)
Start importing Assets/GameManager.cs using Guid(459c631f01974b545aeb880020c9c4bf) Importer(815301076,1909f56bfc062723c751e8b465ee728b)  -> (artifact id: 'c84c86bc9e1194e0d464e92570c91129') in 0.007292 seconds
  Import took 0.011830 seconds .

========================================================================
Received Prepare
Registering precompiled user dll's ...
Registered in 0.005846 seconds.
Begin MonoManager ReloadAssembly
Native extension for WindowsStandalone target not found
Refreshing native plugins compatible for Editor in 1.31 ms, found 6 plugins.
Preloading 0 native plugins for Editor in 0.00 ms.
Mono: successfully reloaded assembly
- Completed reload, in  0.931 seconds
Platform modules already initialized, skipping
Refreshing native plugins compatible for Editor in 1.41 ms, found 6 plugins.
Preloading 0 native plugins for Editor in 0.00 ms.
Unloading 2911 Unused Serialized files (Serialized files now loaded: 0)
System memory in use before: 218.2 MB.
System memory in use after: 218.4 MB.

Unloading 37 unused Assets to reduce memory usage. Loaded Objects now: 3471.
Total: 2.425800 ms (FindLiveObjects: 0.294600 ms CreateObjectMapping: 0.073100 ms MarkObjects: 2.036100 ms  DeleteObjects: 0.020900 ms)

========================================================================
Received Import Request.
  Time since last request: 55.645196 seconds.
  path: Assets/PathCreator/Examples/Scripts/RoadMeshCreator.cs
  artifactKey: Guid(b275c3b78f8717c4cbc60f74a3247f67) Importer(815301076,1909f56bfc062723c751e8b465ee728b)
Start importing Assets/PathCreator/Examples/Scripts/RoadMeshCreator.cs using Guid(b275c3b78f8717c4cbc60f74a3247f67) Importer(815301076,1909f56bfc062723c751e8b465ee728b)  -> (artifact id: '359c88837fcc36213cc29429dc4d8a96') in 0.007200 seconds
  Import took 0.012022 seconds .

========================================================================
Received Import Request.
  Time since last request: 59.216158 seconds.
  path: Assets/PathCreator - Created originally by Sebastian Lague
  artifactKey: Guid(10cd5d511a6bb5949bda9ef6413961ef) Importer(815301076,1909f56bfc062723c751e8b465ee728b)
Start importing Assets/PathCreator - Created originally by Sebastian Lague using Guid(10cd5d511a6bb5949bda9ef6413961ef) Importer(815301076,1909f56bfc062723c751e8b465ee728b)  -> (artifact id: '5bb2c5af6ce08a6f2aa15ace5a2af2db') in 0.004270 seconds
  Import took 0.009683 seconds .

========================================================================
Received Prepare
Registering precompiled user dll's ...
Registered in 0.005416 seconds.
Begin MonoManager ReloadAssembly
Native extension for WindowsStandalone target not found
Refreshing native plugins compatible for Editor in 1.33 ms, found 6 plugins.
Preloading 0 native plugins for Editor in 0.00 ms.
Mono: successfully reloaded assembly
- Completed reload, in  0.924 seconds
Platform modules already initialized, skipping
Refreshing native plugins compatible for Editor in 1.42 ms, found 6 plugins.
Preloading 0 native plugins for Editor in 0.00 ms.
Unloading 2911 Unused Serialized files (Serialized files now loaded: 0)
System memory in use before: 218.2 MB.
System memory in use after: 218.4 MB.

Unloading 37 unused Assets to reduce memory usage. Loaded Objects now: 3474.
Total: 4.039100 ms (FindLiveObjects: 0.404000 ms CreateObjectMapping: 0.077800 ms MarkObjects: 3.513700 ms  DeleteObjects: 0.041500 ms)

========================================================================
Received Import Request.
  Time since last request: 13.128087 seconds.
  path: Assets/AssetPacks
  artifactKey: Guid(ba791dc2333c236419caebf82ddb7478) Importer(815301076,1909f56bfc062723c751e8b465ee728b)
Start importing Assets/AssetPacks using Guid(ba791dc2333c236419caebf82ddb7478) Importer(815301076,1909f56bfc062723c751e8b465ee728b)  -> (artifact id: '4163cf228634258079e5954c781bef00') in 0.007685 seconds
  Import took 0.012338 seconds .

========================================================================
Received Prepare
Registering precompiled user dll's ...
Registered in 0.005334 seconds.
Begin MonoManager ReloadAssembly
Native extension for WindowsStandalone target not found
Refreshing native plugins compatible for Editor in 1.47 ms, found 6 plugins.
Preloading 0 native plugins for Editor in 0.00 ms.
Mono: successfully reloaded assembly
- Completed reload, in  0.946 seconds
Platform modules already initialized, skipping
Refreshing native plugins compatible for Editor in 1.32 ms, found 6 plugins.
Preloading 0 native plugins for Editor in 0.00 ms.
Unloading 2911 Unused Serialized files (Serialized files now loaded: 0)
System memory in use before: 218.2 MB.
System memory in use after: 218.4 MB.

Unloading 37 unused Assets to reduce memory usage. Loaded Objects now: 3477.
Total: 2.380700 ms (FindLiveObjects: 0.318600 ms CreateObjectMapping: 0.074300 ms MarkObjects: 1.968900 ms  DeleteObjects: 0.017600 ms)

========================================================================
Received Prepare
Registering precompiled user dll's ...
Registered in 0.005250 seconds.
Begin MonoManager ReloadAssembly
Native extension for WindowsStandalone target not found
Refreshing native plugins compatible for Editor in 1.31 ms, found 6 plugins.
Preloading 0 native plugins for Editor in 0.00 ms.
Mono: successfully reloaded assembly
- Completed reload, in  0.893 seconds
Platform modules already initialized, skipping
Refreshing native plugins compatible for Editor in 1.37 ms, found 6 plugins.
Preloading 0 native plugins for Editor in 0.00 ms.
Unloading 2911 Unused Serialized files (Serialized files now loaded: 0)
System memory in use before: 218.2 MB.
System memory in use after: 218.4 MB.

Unloading 37 unused Assets to reduce memory usage. Loaded Objects now: 3480.
Total: 2.363200 ms (FindLiveObjects: 0.305500 ms CreateObjectMapping: 0.074300 ms MarkObjects: 1.963700 ms  DeleteObjects: 0.018500 ms)

AssetImportWorkerClient::OnTransportError - code=2 error=End of file
