Using pre-set license
Built from '2020.3/staging' branch; Version is '2020.3.10f1 (297d780c91bc) revision 2719096'; Using compiler version '192528614'; Build Type 'Release'
OS: 'Windows 10 Home; OS build 19043.1110; Version 2009; 64bit' Language: 'en' Physical Memory: 32715 MB
BatchMode: 1, IsHumanControllingUs: 0, StartBugReporterOnCrash: 0, Is64bit: 1, IsPro: 0

 COMMAND LINE ARGUMENTS:
C:\Program Files\Unity\Hub\Editor\2020.3.10f1\Editor\Unity.exe
-adb2
-batchMode
-noUpm
-name
AssetImportWorker0
-projectPath
C:/Users/Josh-/Documents/Prototypes/Unity/Train Smash
-logFile
Logs/AssetImportWorker0.log
-srvPort
58565
Successfully changed project path to: C:/Users/Josh-/Documents/Prototypes/Unity/Train Smash
C:/Users/Josh-/Documents/Prototypes/Unity/Train Smash
Using Asset Import Pipeline V2.
Refreshing native plugins compatible for Editor in 90.94 ms, found 6 plugins.
Preloading 0 native plugins for Editor in 0.00 ms.
Initialize engine version: 2020.3.10f1 (297d780c91bc)
[Subsystems] Discovering subsystems at path C:/Program Files/Unity/Hub/Editor/2020.3.10f1/Editor/Data/Resources/UnitySubsystems
[Subsystems] Discovering subsystems at path C:/Users/Josh-/Documents/Prototypes/Unity/Train Smash/Assets
GfxDevice: creating device client; threaded=0
Direct3D:
    Version:  Direct3D 11.0 [level 11.1]
    Renderer: NVIDIA GeForce GTX 1660 Ti (ID=0x2182)
    Vendor:   
    VRAM:     5991 MB
    Driver:   30.0.14.7111
Initialize mono
Mono path[0] = 'C:/Program Files/Unity/Hub/Editor/2020.3.10f1/Editor/Data/Managed'
Mono path[1] = 'C:/Program Files/Unity/Hub/Editor/2020.3.10f1/Editor/Data/MonoBleedingEdge/lib/mono/unityjit'
Mono config path = 'C:/Program Files/Unity/Hub/Editor/2020.3.10f1/Editor/Data/MonoBleedingEdge/etc'
Using monoOptions --debugger-agent=transport=dt_socket,embedding=1,server=y,suspend=n,address=127.0.0.1:56580
Begin MonoManager ReloadAssembly
Registering precompiled unity dll's ...
Register platform support module: C:/Program Files/Unity/Hub/Editor/2020.3.10f1/Editor/Data/PlaybackEngines/WindowsStandaloneSupport/UnityEditor.WindowsStandalone.Extensions.dll
Registered in 0.001979 seconds.
Native extension for WindowsStandalone target not found
Refreshing native plugins compatible for Editor in 88.83 ms, found 6 plugins.
Preloading 0 native plugins for Editor in 0.00 ms.
Mono: successfully reloaded assembly
- Completed reload, in  1.054 seconds
Platform modules already initialized, skipping
Registering precompiled user dll's ...
Registered in 0.005928 seconds.
Begin MonoManager ReloadAssembly
Native extension for WindowsStandalone target not found
Refreshing native plugins compatible for Editor in 88.13 ms, found 6 plugins.
Preloading 0 native plugins for Editor in 0.00 ms.
Mono: successfully reloaded assembly
- Completed reload, in  1.084 seconds
Platform modules already initialized, skipping
========================================================================
Worker process is ready to serve import requests
Launched and connected shader compiler UnityShaderCompiler.exe after 0.04 seconds
Refreshing native plugins compatible for Editor in 1.30 ms, found 6 plugins.
Preloading 0 native plugins for Editor in 0.00 ms.
Unloading 3006 Unused Serialized files (Serialized files now loaded: 0)
System memory in use before: 226.8 MB.
System memory in use after: 227.0 MB.

Unloading 47 unused Assets to reduce memory usage. Loaded Objects now: 3454.
Total: 2.853700 ms (FindLiveObjects: 0.346000 ms CreateObjectMapping: 0.076700 ms MarkObjects: 2.253500 ms  DeleteObjects: 0.175800 ms)

========================================================================
Received Import Request.
  path: Assets/AssetPacks/GUI Kit Casual Game/Casual Game_v2.0/Prefabs/Prefabs_DemoScene_Panels/Equipment_Popup_Detail1.prefab
  artifactKey: Guid(70f9be7942c4347aab8621631566f75b) Importer(815301076,1909f56bfc062723c751e8b465ee728b)
Start importing Assets/AssetPacks/GUI Kit Casual Game/Casual Game_v2.0/Prefabs/Prefabs_DemoScene_Panels/Equipment_Popup_Detail1.prefab using Guid(70f9be7942c4347aab8621631566f75b) Importer(815301076,1909f56bfc062723c751e8b465ee728b)  -> (artifact id: 'b6a647e31bd34b2f03233a60df6ff2e6') in 0.094817 seconds
  Import took 0.100397 seconds .

========================================================================
Received Import Request.
  Time since last request: 0.000365 seconds.
  path: Assets/AssetPacks/GUI Kit Casual Game/Casual Game_v2.0/Prefabs/Prefabs_DemoScene_Panels/Equipment_Popup_AddSlot.prefab
  artifactKey: Guid(76d1486a5fdf5463882d950afaeee34a) Importer(815301076,1909f56bfc062723c751e8b465ee728b)
Start importing Assets/AssetPacks/GUI Kit Casual Game/Casual Game_v2.0/Prefabs/Prefabs_DemoScene_Panels/Equipment_Popup_AddSlot.prefab using Guid(76d1486a5fdf5463882d950afaeee34a) Importer(815301076,1909f56bfc062723c751e8b465ee728b)  -> (artifact id: '631c905c3314fdc5c1af936111dbcc92') in 0.030823 seconds
  Import took 0.036003 seconds .

========================================================================
Received Import Request.
  Time since last request: 0.000377 seconds.
  path: Assets/AssetPacks/GUI Kit Casual Game/Casual Game_v2.0/Prefabs/Prefabs_DemoScene_Panels/Equipment_Popup_Detail2.prefab
  artifactKey: Guid(c9f0651071be94f9abe738f3e277db1a) Importer(815301076,1909f56bfc062723c751e8b465ee728b)
Start importing Assets/AssetPacks/GUI Kit Casual Game/Casual Game_v2.0/Prefabs/Prefabs_DemoScene_Panels/Equipment_Popup_Detail2.prefab using Guid(c9f0651071be94f9abe738f3e277db1a) Importer(815301076,1909f56bfc062723c751e8b465ee728b)  -> (artifact id: '8cc7d64dd79df1e2eacc606ab3a3c77c') in 0.028492 seconds
  Import took 0.033277 seconds .

========================================================================
Received Import Request.
  Time since last request: 5.407714 seconds.
  path: Assets/AssetPacks/GUI Kit Casual Game/Casual Game_v2.0/Prefabs/Prefabs_DemoScene_Panels/Inventory.prefab
  artifactKey: Guid(2373135cd746644049fe2cd6bec07216) Importer(815301076,1909f56bfc062723c751e8b465ee728b)
Start importing Assets/AssetPacks/GUI Kit Casual Game/Casual Game_v2.0/Prefabs/Prefabs_DemoScene_Panels/Inventory.prefab using Guid(2373135cd746644049fe2cd6bec07216) Importer(815301076,1909f56bfc062723c751e8b465ee728b)  -> (artifact id: '23d4e9c73fa1fcd340739d28b0bb57f4') in 0.076602 seconds
  Import took 0.083199 seconds .

========================================================================
Received Import Request.
  Time since last request: 334.229230 seconds.
  path: Assets/AssetPacks/GUI Kit Casual Game/Casual Game_v2.0/Prefabs/Prefabs_DemoScene_Panels/Popup_RewardMonth.prefab
  artifactKey: Guid(283bc4267b3f24fd784df0a8632aba8b) Importer(815301076,1909f56bfc062723c751e8b465ee728b)
Start importing Assets/AssetPacks/GUI Kit Casual Game/Casual Game_v2.0/Prefabs/Prefabs_DemoScene_Panels/Popup_RewardMonth.prefab using Guid(283bc4267b3f24fd784df0a8632aba8b) Importer(815301076,1909f56bfc062723c751e8b465ee728b)  -> (artifact id: 'f67463115b9da6c7d1916f6c31bfd473') in 0.046858 seconds
  Import took 0.053392 seconds .

========================================================================
Received Prepare
Registering precompiled user dll's ...
Registered in 0.005545 seconds.
Begin MonoManager ReloadAssembly
Native extension for WindowsStandalone target not found
Refreshing native plugins compatible for Editor in 1.37 ms, found 6 plugins.
Preloading 0 native plugins for Editor in 0.00 ms.
Mono: successfully reloaded assembly
- Completed reload, in  0.944 seconds
Platform modules already initialized, skipping
Refreshing native plugins compatible for Editor in 1.39 ms, found 6 plugins.
Preloading 0 native plugins for Editor in 0.00 ms.
Unloading 2911 Unused Serialized files (Serialized files now loaded: 0)
System memory in use before: 218.4 MB.
System memory in use after: 218.7 MB.

Unloading 38 unused Assets to reduce memory usage. Loaded Objects now: 3457.
Total: 2.978900 ms (FindLiveObjects: 0.389400 ms CreateObjectMapping: 0.088800 ms MarkObjects: 2.461700 ms  DeleteObjects: 0.037400 ms)

========================================================================
Received Prepare
Registering precompiled user dll's ...
Registered in 0.005696 seconds.
Begin MonoManager ReloadAssembly
Native extension for WindowsStandalone target not found
Refreshing native plugins compatible for Editor in 1.44 ms, found 6 plugins.
Preloading 0 native plugins for Editor in 0.00 ms.
Mono: successfully reloaded assembly
- Completed reload, in  0.979 seconds
Platform modules already initialized, skipping
Refreshing native plugins compatible for Editor in 1.32 ms, found 6 plugins.
Preloading 0 native plugins for Editor in 0.00 ms.
Unloading 2911 Unused Serialized files (Serialized files now loaded: 0)
System memory in use before: 218.5 MB.
System memory in use after: 218.7 MB.

Unloading 37 unused Assets to reduce memory usage. Loaded Objects now: 3460.
Total: 2.395800 ms (FindLiveObjects: 0.306100 ms CreateObjectMapping: 0.084700 ms MarkObjects: 1.982700 ms  DeleteObjects: 0.021400 ms)

========================================================================
Received Prepare
Registering precompiled user dll's ...
Registered in 0.004985 seconds.
Begin MonoManager ReloadAssembly
Native extension for WindowsStandalone target not found
Refreshing native plugins compatible for Editor in 1.53 ms, found 6 plugins.
Preloading 0 native plugins for Editor in 0.00 ms.
Mono: successfully reloaded assembly
- Completed reload, in  0.895 seconds
Platform modules already initialized, skipping
Refreshing native plugins compatible for Editor in 1.38 ms, found 6 plugins.
Preloading 0 native plugins for Editor in 0.00 ms.
Unloading 2911 Unused Serialized files (Serialized files now loaded: 0)
System memory in use before: 218.5 MB.
System memory in use after: 218.7 MB.

Unloading 37 unused Assets to reduce memory usage. Loaded Objects now: 3463.
Total: 2.935700 ms (FindLiveObjects: 0.367500 ms CreateObjectMapping: 0.184500 ms MarkObjects: 2.352900 ms  DeleteObjects: 0.029100 ms)

========================================================================
Received Import Request.
  Time since last request: 1002.272638 seconds.
  path: Assets/Scenes - TRY OUT LEVELS IN HERE
  artifactKey: Guid(f7b66c42ee145314083f073e99178630) Importer(815301076,1909f56bfc062723c751e8b465ee728b)
Start importing Assets/Scenes - TRY OUT LEVELS IN HERE using Guid(f7b66c42ee145314083f073e99178630) Importer(815301076,1909f56bfc062723c751e8b465ee728b)  -> (artifact id: '2098d42eab09343cd858cf7580345d47') in 0.007481 seconds
  Import took 0.012512 seconds .

========================================================================
Received Import Request.
  Time since last request: 225.319366 seconds.
  path: Assets/Scenes - TRY OUT LEVELS IN HERE/TrainProtoLevel20.unity
  artifactKey: Guid(9a017aef5094b4b4489b4871b34c3b1b) Importer(815301076,1909f56bfc062723c751e8b465ee728b)
Start importing Assets/Scenes - TRY OUT LEVELS IN HERE/TrainProtoLevel20.unity using Guid(9a017aef5094b4b4489b4871b34c3b1b) Importer(815301076,1909f56bfc062723c751e8b465ee728b)  -> (artifact id: 'd0c417b4b7700d182e9a4e1df73f6669') in 0.054685 seconds
  Import took 0.059738 seconds .

========================================================================
Received Import Request.
  Time since last request: 2.355684 seconds.
  path: Assets/Scenes - TRY OUT LEVELS IN HERE/TrainProtoLevel1.unity
  artifactKey: Guid(d6471b64d30ba6640a91436130152225) Importer(815301076,1909f56bfc062723c751e8b465ee728b)
Start importing Assets/Scenes - TRY OUT LEVELS IN HERE/TrainProtoLevel1.unity using Guid(d6471b64d30ba6640a91436130152225) Importer(815301076,1909f56bfc062723c751e8b465ee728b)  -> (artifact id: 'b96ec00e973c2e89fbc221b0baea6264') in 0.003681 seconds
  Import took 0.008277 seconds .

========================================================================
Received Import Request.
  Time since last request: 0.007214 seconds.
  path: Assets/Scenes - TRY OUT LEVELS IN HERE/TrainProtoLevel1.unity
  artifactKey: Guid(d6471b64d30ba6640a91436130152225) Importer(815301076,1909f56bfc062723c751e8b465ee728b)
Start importing Assets/Scenes - TRY OUT LEVELS IN HERE/TrainProtoLevel1.unity using Guid(d6471b64d30ba6640a91436130152225) Importer(815301076,1909f56bfc062723c751e8b465ee728b)  -> (artifact id: 'b96ec00e973c2e89fbc221b0baea6264') in 0.003027 seconds
  Import took 0.006908 seconds .

AssetImportWorkerClient::OnTransportError - code=2 error=End of file
